2025-01-08 08:45:37,335 [Worker-5: Loading available Gradle versions] INFO  o.e.b.c.i.u.g.PublishedGradleVersions - Gradle version information cache is out-of-date. Trying to update.
2025-01-08 08:45:53,585 [Worker-2: Loading available Gradle versions] INFO  o.e.b.c.i.u.g.PublishedGradleVersions - Gradle version information cache is up-to-date. Trying to read.
2025-01-08 08:46:27,984 [Worker-7: Loading available Gradle versions] INFO  o.e.b.c.i.u.g.PublishedGradleVersions - Gradle version information cache is up-to-date. Trying to read.
2025-01-08 08:47:30,467 [Worker-1: Loading available Gradle versions] INFO  o.e.b.c.i.u.g.PublishedGradleVersions - Gradle version information cache is up-to-date. Trying to read.
2025-01-10 09:10:44,973 [Worker-25: Loading available Gradle versions] INFO  o.e.b.c.i.u.g.PublishedGradleVersions - Gradle version information cache is out-of-date. Trying to update.
2025-01-14 08:08:19,587 [Worker-4: Loading available Gradle versions] INFO  o.e.b.c.i.u.g.PublishedGradleVersions - Gradle version information cache is out-of-date. Trying to update.
2025-01-15 08:03:18,902 [Worker-6: Loading available Gradle versions] INFO  o.e.b.c.i.u.g.PublishedGradleVersions - Gradle version information cache is up-to-date. Trying to read.
2025-01-17 09:10:01,578 [Worker-6: Loading available Gradle versions] INFO  o.e.b.c.i.u.g.PublishedGradleVersions - Gradle version information cache is out-of-date. Trying to update.
2025-01-21 08:07:36,017 [Worker-1: Loading available Gradle versions] INFO  o.e.b.c.i.u.g.PublishedGradleVersions - Gradle version information cache is out-of-date. Trying to update.
2025-01-22 08:11:06,320 [Worker-1: Loading available Gradle versions] INFO  o.e.b.c.i.u.g.PublishedGradleVersions - Gradle version information cache is out-of-date. Trying to update.
2025-01-23 08:04:51,308 [Worker-5: Loading available Gradle versions] INFO  o.e.b.c.i.u.g.PublishedGradleVersions - Gradle version information cache is up-to-date. Trying to read.
2025-01-24 08:04:31,253 [Worker-1: Loading available Gradle versions] INFO  o.e.b.c.i.u.g.PublishedGradleVersions - Gradle version information cache is out-of-date. Trying to update.
2025-01-24 10:22:10,977 [Worker-2: Loading available Gradle versions] INFO  o.e.b.c.i.u.g.PublishedGradleVersions - Gradle version information cache is up-to-date. Trying to read.
2025-01-24 10:23:01,130 [Worker-2: Loading available Gradle versions] INFO  o.e.b.c.i.u.g.PublishedGradleVersions - Gradle version information cache is up-to-date. Trying to read.
2025-01-24 10:29:26,162 [Worker-2: Loading available Gradle versions] INFO  o.e.b.c.i.u.g.PublishedGradleVersions - Gradle version information cache is up-to-date. Trying to read.
2025-01-24 10:43:34,453 [Worker-4: Loading available Gradle versions] INFO  o.e.b.c.i.u.g.PublishedGradleVersions - Gradle version information cache is up-to-date. Trying to read.
2025-01-28 08:35:41,610 [Worker-5: Loading available Gradle versions] INFO  o.e.b.c.i.u.g.PublishedGradleVersions - Gradle version information cache is out-of-date. Trying to update.
2025-01-29 08:12:21,359 [Worker-1: Loading available Gradle versions] INFO  o.e.b.c.i.u.g.PublishedGradleVersions - Gradle version information cache is up-to-date. Trying to read.
2025-01-30 08:07:31,122 [Worker-4: Loading available Gradle versions] INFO  o.e.b.c.i.u.g.PublishedGradleVersions - Gradle version information cache is out-of-date. Trying to update.
2025-01-31 08:06:09,235 [Worker-1: Loading available Gradle versions] INFO  o.e.b.c.i.u.g.PublishedGradleVersions - Gradle version information cache is up-to-date. Trying to read.
2025-02-04 08:48:23,096 [Worker-6: Loading available Gradle versions] INFO  o.e.b.c.i.u.g.PublishedGradleVersions - Gradle version information cache is out-of-date. Trying to update.
2025-02-05 08:07:54,487 [Worker-1: Loading available Gradle versions] INFO  o.e.b.c.i.u.g.PublishedGradleVersions - Gradle version information cache is up-to-date. Trying to read.
2025-02-06 09:01:22,230 [Worker-7: Loading available Gradle versions] INFO  o.e.b.c.i.u.g.PublishedGradleVersions - Gradle version information cache is out-of-date. Trying to update.
2025-02-06 09:20:26,934 [Worker-2: Loading available Gradle versions] INFO  o.e.b.c.i.u.g.PublishedGradleVersions - Gradle version information cache is up-to-date. Trying to read.
2025-02-06 09:25:04,434 [Worker-5: Loading available Gradle versions] INFO  o.e.b.c.i.u.g.PublishedGradleVersions - Gradle version information cache is up-to-date. Trying to read.
2025-02-07 08:10:43,079 [Worker-7: Loading available Gradle versions] INFO  o.e.b.c.i.u.g.PublishedGradleVersions - Gradle version information cache is up-to-date. Trying to read.
2025-02-07 15:33:55,031 [Worker-4: Loading available Gradle versions] INFO  o.e.b.c.i.u.g.PublishedGradleVersions - Gradle version information cache is up-to-date. Trying to read.
2025-02-07 15:35:09,958 [Worker-4: Loading available Gradle versions] INFO  o.e.b.c.i.u.g.PublishedGradleVersions - Gradle version information cache is up-to-date. Trying to read.
2025-02-07 15:41:25,600 [Worker-4: Loading available Gradle versions] INFO  o.e.b.c.i.u.g.PublishedGradleVersions - Gradle version information cache is out-of-date. Trying to update.
2025-02-07 16:07:30,803 [Worker-4: Loading available Gradle versions] INFO  o.e.b.c.i.u.g.PublishedGradleVersions - Gradle version information cache is up-to-date. Trying to read.
2025-02-08 15:13:29,290 [Worker-4: Loading available Gradle versions] INFO  o.e.b.c.i.u.g.PublishedGradleVersions - Gradle version information cache is up-to-date. Trying to read.
2025-02-11 08:06:51,188 [Worker-5: Loading available Gradle versions] INFO  o.e.b.c.i.u.g.PublishedGradleVersions - Gradle version information cache is out-of-date. Trying to update.
<<<<<<< HEAD
2025-02-12 23:34:45,840 [Worker-10: Loading available Gradle versions] INFO  o.e.b.c.i.u.g.PublishedGradleVersions - Gradle version information cache is out-of-date. Trying to update.
=======
2025-02-11 11:56:56,605 [Worker-1: Loading available Gradle versions] INFO  o.e.b.c.i.u.g.PublishedGradleVersions - Gradle version information cache is up-to-date. Trying to read.
2025-02-12 08:25:00,126 [Worker-27: Loading available Gradle versions] INFO  o.e.b.c.i.u.g.PublishedGradleVersions - Gradle version information cache is out-of-date. Trying to update.
>>>>>>> 74fc78399c85d00fa9dcf9463a0e569470579fc3
2025-02-13 08:11:26,294 [Worker-4: Loading available Gradle versions] INFO  o.e.b.c.i.u.g.PublishedGradleVersions - Gradle version information cache is up-to-date. Trying to read.
2025-02-14 08:10:39,806 [Worker-2: Loading available Gradle versions] INFO  o.e.b.c.i.u.g.PublishedGradleVersions - Gradle version information cache is out-of-date. Trying to update.
2025-02-15 12:27:39,667 [Worker-4: Loading available Gradle versions] INFO  o.e.b.c.i.u.g.PublishedGradleVersions - Gradle version information cache is up-to-date. Trying to read.
2025-02-17 09:54:55,115 [Worker-2: Loading available Gradle versions] INFO  o.e.b.c.i.u.g.PublishedGradleVersions - Gradle version information cache is out-of-date. Trying to update.
2025-02-17 10:10:11,992 [Worker-0: Loading available Gradle versions] INFO  o.e.b.c.i.u.g.PublishedGradleVersions - Gradle version information cache is up-to-date. Trying to read.
2025-02-17 13:55:04,089 [Worker-5: Loading available Gradle versions] INFO  o.e.b.c.i.u.g.PublishedGradleVersions - Gradle version information cache is up-to-date. Trying to read.
2025-02-18 08:25:29,805 [Worker-3: Loading available Gradle versions] INFO  o.e.b.c.i.u.g.PublishedGradleVersions - Gradle version information cache is up-to-date. Trying to read.
2025-02-18 09:23:27,990 [Worker-5: Loading available Gradle versions] INFO  o.e.b.c.i.u.g.PublishedGradleVersions - Gradle version information cache is up-to-date. Trying to read.
2025-02-18 09:26:20,113 [Worker-5: Loading available Gradle versions] INFO  o.e.b.c.i.u.g.PublishedGradleVersions - Gradle version information cache is up-to-date. Trying to read.
2025-02-18 10:11:51,813 [Worker-4: Loading available Gradle versions] INFO  o.e.b.c.i.u.g.PublishedGradleVersions - Gradle version information cache is up-to-date. Trying to read.
2025-02-18 19:02:34,133 [Worker-4: Loading available Gradle versions] INFO  o.e.b.c.i.u.g.PublishedGradleVersions - Gradle version information cache is out-of-date. Trying to update.
2025-02-19 08:13:03,686 [Worker-4: Loading available Gradle versions] INFO  o.e.b.c.i.u.g.PublishedGradleVersions - Gradle version information cache is up-to-date. Trying to read.
2025-02-19 17:14:22,694 [Worker-4: Loading available Gradle versions] INFO  o.e.b.c.i.u.g.PublishedGradleVersions - Gradle version information cache is up-to-date. Trying to read.
2025-02-20 07:59:55,080 [Worker-1: Loading available Gradle versions] INFO  o.e.b.c.i.u.g.PublishedGradleVersions - Gradle version information cache is up-to-date. Trying to read.
2025-02-21 08:11:44,339 [Worker-4: Loading available Gradle versions] INFO  o.e.b.c.i.u.g.PublishedGradleVersions - Gradle version information cache is out-of-date. Trying to update.
2025-02-24 13:47:40,468 [Worker-7: Loading available Gradle versions] INFO  o.e.b.c.i.u.g.PublishedGradleVersions - Gradle version information cache is out-of-date. Trying to update.
2025-02-25 08:10:44,258 [Worker-5: Loading available Gradle versions] INFO  o.e.b.c.i.u.g.PublishedGradleVersions - Gradle version information cache is up-to-date. Trying to read.
2025-02-26 08:47:01,473 [Worker-6: Loading available Gradle versions] INFO  o.e.b.c.i.u.g.PublishedGradleVersions - Gradle version information cache is out-of-date. Trying to update.
2025-03-04 08:05:04,975 [Worker-7: Loading available Gradle versions] INFO  o.e.b.c.i.u.g.PublishedGradleVersions - Gradle version information cache is out-of-date. Trying to update.
2025-03-04 19:43:39,167 [Worker-7: Loading available Gradle versions] INFO  o.e.b.c.i.u.g.PublishedGradleVersions - Gradle version information cache is out-of-date. Trying to update.
<<<<<<< HEAD
2025-03-05 08:07:42,153 [Worker-5: Loading available Gradle versions] INFO  o.e.b.c.i.u.g.PublishedGradleVersions - Gradle version information cache is out-of-date. Trying to update.
2025-03-06 08:06:08,310 [Worker-1: Loading available Gradle versions] INFO  o.e.b.c.i.u.g.PublishedGradleVersions - Gradle version information cache is up-to-date. Trying to read.
2025-03-11 08:27:46,800 [Worker-5: Loading available Gradle versions] INFO  o.e.b.c.i.u.g.PublishedGradleVersions - Gradle version information cache is out-of-date. Trying to update.
2025-03-12 08:10:01,248 [Worker-4: Loading available Gradle versions] INFO  o.e.b.c.i.u.g.PublishedGradleVersions - Gradle version information cache is up-to-date. Trying to read.
2025-03-13 08:22:53,704 [Worker-5: Loading available Gradle versions] INFO  o.e.b.c.i.u.g.PublishedGradleVersions - Gradle version information cache is out-of-date. Trying to update.
=======
2025-03-13 19:43:29,418 [Worker-5: Loading available Gradle versions] INFO  o.e.b.c.i.u.g.PublishedGradleVersions - Gradle version information cache is out-of-date. Trying to update.
2025-03-13 20:40:48,094 [Worker-5: Loading available Gradle versions] INFO  o.e.b.c.i.u.g.PublishedGradleVersions - Gradle version information cache is up-to-date. Trying to read.
<<<<<<< HEAD
>>>>>>> cc1e455a8fcd96dc2ce53ac77504e96ae422e9c9
2025-03-14 08:07:23,454 [Worker-1: Loading available Gradle versions] INFO  o.e.b.c.i.u.g.PublishedGradleVersions - Gradle version information cache is up-to-date. Trying to read.
2025-03-18 08:12:46,358 [Worker-7: Loading available Gradle versions] INFO  o.e.b.c.i.u.g.PublishedGradleVersions - Gradle version information cache is out-of-date. Trying to update.
=======
2025-03-18 21:03:10,590 [Worker-34: Loading available Gradle versions] INFO  o.e.b.c.i.u.g.PublishedGradleVersions - Gradle version information cache is out-of-date. Trying to update.
>>>>>>> 202787978ac5eb3c48848f35cd37d0e4c40cdd29
2025-03-19 08:20:27,385 [Worker-5: Loading available Gradle versions] INFO  o.e.b.c.i.u.g.PublishedGradleVersions - Gradle version information cache is out-of-date. Trying to update.
2025-03-19 18:01:33,506 [Worker-4: Loading available Gradle versions] INFO  o.e.b.c.i.u.g.PublishedGradleVersions - Gradle version information cache is up-to-date. Trying to read.
2025-03-19 20:03:40,779 [Worker-4: Loading available Gradle versions] INFO  o.e.b.c.i.u.g.PublishedGradleVersions - Gradle version information cache is up-to-date. Trying to read.
2025-03-20 08:06:15,536 [Worker-5: Loading available Gradle versions] INFO  o.e.b.c.i.u.g.PublishedGradleVersions - Gradle version information cache is up-to-date. Trying to read.
2025-03-21 08:08:42,099 [Worker-4: Loading available Gradle versions] INFO  o.e.b.c.i.u.g.PublishedGradleVersions - Gradle version information cache is out-of-date. Trying to update.
2025-03-23 10:15:40,911 [Worker-5: Loading available Gradle versions] INFO  o.e.b.c.i.u.g.PublishedGradleVersions - Gradle version information cache is up-to-date. Trying to read.
2025-03-24 19:44:26,514 [Worker-5: Loading available Gradle versions] INFO  o.e.b.c.i.u.g.PublishedGradleVersions - Gradle version information cache is out-of-date. Trying to update.
2025-03-24 20:40:47,997 [Worker-3: Loading available Gradle versions] INFO  o.e.b.c.i.u.g.PublishedGradleVersions - Gradle version information cache is up-to-date. Trying to read.
2025-03-26 22:59:13,938 [Worker-2: Loading available Gradle versions] INFO  o.e.b.c.i.u.g.PublishedGradleVersions - Gradle version information cache is out-of-date. Trying to update.
2025-03-31 17:26:00,408 [Worker-4: Loading available Gradle versions] INFO  o.e.b.c.i.u.g.PublishedGradleVersions - Gradle version information cache is out-of-date. Trying to update.
2025-04-06 09:57:57,099 [Worker-1: Loading available Gradle versions] INFO  o.e.b.c.i.u.g.PublishedGradleVersions - Gradle version information cache is out-of-date. Trying to update.
2025-04-07 18:17:18,556 [Worker-1: Loading available Gradle versions] INFO  o.e.b.c.i.u.g.PublishedGradleVersions - Gradle version information cache is out-of-date. Trying to update.
2025-04-08 08:06:41,720 [Worker-5: Loading available Gradle versions] INFO  o.e.b.c.i.u.g.PublishedGradleVersions - Gradle version information cache is up-to-date. Trying to read.
2025-04-08 08:07:02,003 [Worker-2: Update Maven projects configuration] INFO  o.e.m.c.i.p.ProjectConfigurationManager - Update started
2025-04-08 08:07:02,861 [Worker-2: Update Maven projects configuration] INFO  o.e.m.c.i.l.LifecycleMappingFactory - Using org.maven.ide.eclipse.wtp.WarLifecycleMapping lifecycle mapping for MavenProject: com.transversal:ejemploProyecto:1 @ C:\Users\MPARTOR\Desktop\Workspace\ejemploProyecto\target\m2e-wtp\web-resources\META-INF\maven\com.transversal\ejemploProyecto\pom.xml.
2025-04-08 08:07:03,645 [Worker-2: Update Maven projects configuration] INFO  o.e.m.j.i.AbstractJavaProjectConfigurator - Adding source folder /ejemploProyecto/src/main/java
2025-04-08 08:07:03,648 [Worker-2: Update Maven projects configuration] INFO  o.e.m.j.i.AbstractJavaProjectConfigurator - Adding resource folder /ejemploProyecto/src/main/resources
2025-04-08 08:07:03,684 [Worker-2: Update Maven projects configuration] INFO  o.e.m.j.i.AbstractJavaProjectConfigurator - Adding source folder /ejemploProyecto/src/test/java
2025-04-08 08:07:03,685 [Worker-2: Update Maven projects configuration] INFO  o.e.m.j.i.AbstractJavaProjectConfigurator - Adding resource folder /ejemploProyecto/src/test/resources
2025-04-08 08:07:04,548 [Worker-2: Update Maven projects configuration] INFO  o.e.m.c.i.p.ProjectConfigurationManager - Update completed for 1 poms: local refresh takes 0,00 sec, refresh facades takes 1,00 sec, update config takes 1,00 sec 
2025-04-08 08:07:06,340 [Worker-22: Building] WARN  o.a.m.s.f.DefaultMavenResourcesFiltering - Using platform encoding (UTF-8 actually) to copy filtered resources, i.e. build is platform dependent!
2025-04-08 08:07:06,341 [Worker-22: Building] INFO  o.a.m.s.f.DefaultMavenResourcesFiltering - skip non existing resourceDirectory C:\Users\MPARTOR\Desktop\Workspace\ejemploProyecto\target\m2e-wtp\web-resources\META-INF\maven\com.transversal\ejemploProyecto\src\main\resources
2025-04-08 08:07:06,344 [Worker-22: Building] WARN  o.a.m.s.f.DefaultMavenResourcesFiltering - Using platform encoding (UTF-8 actually) to copy filtered resources, i.e. build is platform dependent!
2025-04-08 08:07:06,345 [Worker-22: Building] INFO  o.a.m.s.f.DefaultMavenResourcesFiltering - skip non existing resourceDirectory C:\Users\MPARTOR\Desktop\Workspace\ejemploProyecto\target\m2e-wtp\web-resources\META-INF\maven\com.transversal\ejemploProyecto\src\test\resources
2025-04-08 09:21:41,449 [Worker-43: Building] INFO  o.e.m.c.i.l.LifecycleMappingFactory - Using org.maven.ide.eclipse.wtp.WarLifecycleMapping lifecycle mapping for MavenProject: com.transversal:ejemploProyecto:1 @ C:\Users\MPARTOR\Desktop\workspaceproyecto\ejemploProyecto\pom.xml.
2025-04-08 09:21:41,821 [Worker-43: Building] WARN  o.a.m.s.f.DefaultMavenResourcesFiltering - Using platform encoding (UTF-8 actually) to copy filtered resources, i.e. build is platform dependent!
2025-04-08 09:21:41,825 [Worker-43: Building] INFO  o.a.m.s.f.DefaultMavenResourcesFiltering - Copying 2 resources from src\main\resources to target\classes
2025-04-08 09:21:41,832 [Worker-43: Building] WARN  o.a.m.s.f.DefaultMavenResourcesFiltering - Using platform encoding (UTF-8 actually) to copy filtered resources, i.e. build is platform dependent!
2025-04-08 09:21:41,833 [Worker-43: Building] INFO  o.a.m.s.f.DefaultMavenResourcesFiltering - Copying 0 resource from src\test\resources to target\test-classes
2025-04-08 09:21:42,052 [Worker-46: Updating Maven Dependencies] INFO  o.e.m.c.i.l.LifecycleMappingFactory - Using org.maven.ide.eclipse.wtp.WarLifecycleMapping lifecycle mapping for MavenProject: com.transversal:ejemploProyecto:1 @ C:\Users\MPARTOR\Desktop\workspaceproyecto\ejemploProyecto\pom.xml.
2025-04-08 09:21:42,524 [Worker-37: Building] WARN  o.a.m.s.f.DefaultMavenResourcesFiltering - Using platform encoding (UTF-8 actually) to copy filtered resources, i.e. build is platform dependent!
2025-04-08 09:21:42,525 [Worker-37: Building] INFO  o.a.m.s.f.DefaultMavenResourcesFiltering - Copying 2 resources from src\main\resources to target\classes
2025-04-08 09:21:42,531 [Worker-37: Building] WARN  o.a.m.s.f.DefaultMavenResourcesFiltering - Using platform encoding (UTF-8 actually) to copy filtered resources, i.e. build is platform dependent!
2025-04-08 09:21:42,532 [Worker-37: Building] INFO  o.a.m.s.f.DefaultMavenResourcesFiltering - Copying 0 resource from src\test\resources to target\test-classes
2025-04-08 09:23:09,248 [Worker-44: Launching Executing clean in C__Users_MPARTOR_Desktop_workspaceproyecto_ejemploProyecto] INFO  o.eclipse.m2e.core.internal.Bundles - getClasspathEntries(Bundle=org.eclipse.m2e.maven.runtime_3.9.900.20240824-1409 [643])
2025-04-08 09:23:09,249 [Worker-44: Launching Executing clean in C__Users_MPARTOR_Desktop_workspaceproyecto_ejemploProyecto] INFO  o.eclipse.m2e.core.internal.Bundles - 	Entry: C:\Users\MPARTOR\Downloads\eclipse-jee-2024-09-R-win32-x86_64\eclipse\plugins\org.eclipse.m2e.maven.runtime_3.9.900.20240824-1409
2025-04-08 09:23:09,249 [Worker-44: Launching Executing clean in C__Users_MPARTOR_Desktop_workspaceproyecto_ejemploProyecto] INFO  o.eclipse.m2e.core.internal.Bundles - 	Entry: C:\Users\MPARTOR\Downloads\eclipse-jee-2024-09-R-win32-x86_64\eclipse\plugins\org.eclipse.m2e.maven.runtime_3.9.900.20240824-1409\jars\aopalliance-1.0.jar
2025-04-08 09:23:09,249 [Worker-44: Launching Executing clean in C__Users_MPARTOR_Desktop_workspaceproyecto_ejemploProyecto] INFO  o.eclipse.m2e.core.internal.Bundles - 	Entry: C:\Users\MPARTOR\Downloads\eclipse-jee-2024-09-R-win32-x86_64\eclipse\plugins\org.eclipse.m2e.maven.runtime_3.9.900.20240824-1409\jars\guice-5.1.0.jar
2025-04-08 09:23:09,249 [Worker-44: Launching Executing clean in C__Users_MPARTOR_Desktop_workspaceproyecto_ejemploProyecto] INFO  o.eclipse.m2e.core.internal.Bundles - 	Entry: C:\Users\MPARTOR\Downloads\eclipse-jee-2024-09-R-win32-x86_64\eclipse\plugins\org.eclipse.m2e.maven.runtime_3.9.900.20240824-1409\jars\httpclient-4.5.14.jar
2025-04-08 09:23:09,249 [Worker-44: Launching Executing clean in C__Users_MPARTOR_Desktop_workspaceproyecto_ejemploProyecto] INFO  o.eclipse.m2e.core.internal.Bundles - 	Entry: C:\Users\MPARTOR\Downloads\eclipse-jee-2024-09-R-win32-x86_64\eclipse\plugins\org.eclipse.m2e.maven.runtime_3.9.900.20240824-1409\jars\httpcore-4.4.16.jar
2025-04-08 09:23:09,249 [Worker-44: Launching Executing clean in C__Users_MPARTOR_Desktop_workspaceproyecto_ejemploProyecto] INFO  o.eclipse.m2e.core.internal.Bundles - 	Entry: C:\Users\MPARTOR\Downloads\eclipse-jee-2024-09-R-win32-x86_64\eclipse\plugins\org.eclipse.m2e.maven.runtime_3.9.900.20240824-1409\jars\jansi-2.4.1.jar
2025-04-08 09:23:09,249 [Worker-44: Launching Executing clean in C__Users_MPARTOR_Desktop_workspaceproyecto_ejemploProyecto] INFO  o.eclipse.m2e.core.internal.Bundles - 	Entry: C:\Users\MPARTOR\Downloads\eclipse-jee-2024-09-R-win32-x86_64\eclipse\plugins\org.eclipse.m2e.maven.runtime_3.9.900.20240824-1409\jars\jcl-over-slf4j-1.7.36.jar
2025-04-08 09:23:09,250 [Worker-44: Launching Executing clean in C__Users_MPARTOR_Desktop_workspaceproyecto_ejemploProyecto] INFO  o.eclipse.m2e.core.internal.Bundles - 	Entry: C:\Users\MPARTOR\Downloads\eclipse-jee-2024-09-R-win32-x86_64\eclipse\plugins\org.eclipse.m2e.maven.runtime_3.9.900.20240824-1409\jars\maven-artifact-3.9.9.jar
2025-04-08 09:23:09,250 [Worker-44: Launching Executing clean in C__Users_MPARTOR_Desktop_workspaceproyecto_ejemploProyecto] INFO  o.eclipse.m2e.core.internal.Bundles - 	Entry: C:\Users\MPARTOR\Downloads\eclipse-jee-2024-09-R-win32-x86_64\eclipse\plugins\org.eclipse.m2e.maven.runtime_3.9.900.20240824-1409\jars\maven-builder-support-3.9.9.jar
2025-04-08 09:23:09,250 [Worker-44: Launching Executing clean in C__Users_MPARTOR_Desktop_workspaceproyecto_ejemploProyecto] INFO  o.eclipse.m2e.core.internal.Bundles - 	Entry: C:\Users\MPARTOR\Downloads\eclipse-jee-2024-09-R-win32-x86_64\eclipse\plugins\org.eclipse.m2e.maven.runtime_3.9.900.20240824-1409\jars\maven-compat-3.9.9.jar
2025-04-08 09:23:09,250 [Worker-44: Launching Executing clean in C__Users_MPARTOR_Desktop_workspaceproyecto_ejemploProyecto] INFO  o.eclipse.m2e.core.internal.Bundles - 	Entry: C:\Users\MPARTOR\Downloads\eclipse-jee-2024-09-R-win32-x86_64\eclipse\plugins\org.eclipse.m2e.maven.runtime_3.9.900.20240824-1409\jars\maven-core-3.9.9.jar
2025-04-08 09:23:09,250 [Worker-44: Launching Executing clean in C__Users_MPARTOR_Desktop_workspaceproyecto_ejemploProyecto] INFO  o.eclipse.m2e.core.internal.Bundles - 	Entry: C:\Users\MPARTOR\Downloads\eclipse-jee-2024-09-R-win32-x86_64\eclipse\plugins\org.eclipse.m2e.maven.runtime_3.9.900.20240824-1409\jars\maven-embedder-3.9.9.jar
2025-04-08 09:23:09,250 [Worker-44: Launching Executing clean in C__Users_MPARTOR_Desktop_workspaceproyecto_ejemploProyecto] INFO  o.eclipse.m2e.core.internal.Bundles - 	Entry: C:\Users\MPARTOR\Downloads\eclipse-jee-2024-09-R-win32-x86_64\eclipse\plugins\org.eclipse.m2e.maven.runtime_3.9.900.20240824-1409\jars\maven-model-3.9.9.jar
2025-04-08 09:23:09,250 [Worker-44: Launching Executing clean in C__Users_MPARTOR_Desktop_workspaceproyecto_ejemploProyecto] INFO  o.eclipse.m2e.core.internal.Bundles - 	Entry: C:\Users\MPARTOR\Downloads\eclipse-jee-2024-09-R-win32-x86_64\eclipse\plugins\org.eclipse.m2e.maven.runtime_3.9.900.20240824-1409\jars\maven-model-builder-3.9.9.jar
2025-04-08 09:23:09,250 [Worker-44: Launching Executing clean in C__Users_MPARTOR_Desktop_workspaceproyecto_ejemploProyecto] INFO  o.eclipse.m2e.core.internal.Bundles - 	Entry: C:\Users\MPARTOR\Downloads\eclipse-jee-2024-09-R-win32-x86_64\eclipse\plugins\org.eclipse.m2e.maven.runtime_3.9.900.20240824-1409\jars\maven-plugin-api-3.9.9.jar
2025-04-08 09:23:09,250 [Worker-44: Launching Executing clean in C__Users_MPARTOR_Desktop_workspaceproyecto_ejemploProyecto] INFO  o.eclipse.m2e.core.internal.Bundles - 	Entry: C:\Users\MPARTOR\Downloads\eclipse-jee-2024-09-R-win32-x86_64\eclipse\plugins\org.eclipse.m2e.maven.runtime_3.9.900.20240824-1409\jars\maven-repository-metadata-3.9.9.jar
2025-04-08 09:23:09,251 [Worker-44: Launching Executing clean in C__Users_MPARTOR_Desktop_workspaceproyecto_ejemploProyecto] INFO  o.eclipse.m2e.core.internal.Bundles - 	Entry: C:\Users\MPARTOR\Downloads\eclipse-jee-2024-09-R-win32-x86_64\eclipse\plugins\org.eclipse.m2e.maven.runtime_3.9.900.20240824-1409\jars\maven-resolver-api-1.9.22.jar
2025-04-08 09:23:09,251 [Worker-44: Launching Executing clean in C__Users_MPARTOR_Desktop_workspaceproyecto_ejemploProyecto] INFO  o.eclipse.m2e.core.internal.Bundles - 	Entry: C:\Users\MPARTOR\Downloads\eclipse-jee-2024-09-R-win32-x86_64\eclipse\plugins\org.eclipse.m2e.maven.runtime_3.9.900.20240824-1409\jars\maven-resolver-connector-basic-1.9.22.jar
2025-04-08 09:23:09,251 [Worker-44: Launching Executing clean in C__Users_MPARTOR_Desktop_workspaceproyecto_ejemploProyecto] INFO  o.eclipse.m2e.core.internal.Bundles - 	Entry: C:\Users\MPARTOR\Downloads\eclipse-jee-2024-09-R-win32-x86_64\eclipse\plugins\org.eclipse.m2e.maven.runtime_3.9.900.20240824-1409\jars\maven-resolver-impl-1.9.22.jar
2025-04-08 09:23:09,251 [Worker-44: Launching Executing clean in C__Users_MPARTOR_Desktop_workspaceproyecto_ejemploProyecto] INFO  o.eclipse.m2e.core.internal.Bundles - 	Entry: C:\Users\MPARTOR\Downloads\eclipse-jee-2024-09-R-win32-x86_64\eclipse\plugins\org.eclipse.m2e.maven.runtime_3.9.900.20240824-1409\jars\maven-resolver-named-locks-1.9.22.jar
2025-04-08 09:23:09,251 [Worker-44: Launching Executing clean in C__Users_MPARTOR_Desktop_workspaceproyecto_ejemploProyecto] INFO  o.eclipse.m2e.core.internal.Bundles - 	Entry: C:\Users\MPARTOR\Downloads\eclipse-jee-2024-09-R-win32-x86_64\eclipse\plugins\org.eclipse.m2e.maven.runtime_3.9.900.20240824-1409\jars\maven-resolver-provider-3.9.9.jar
2025-04-08 09:23:09,251 [Worker-44: Launching Executing clean in C__Users_MPARTOR_Desktop_workspaceproyecto_ejemploProyecto] INFO  o.eclipse.m2e.core.internal.Bundles - 	Entry: C:\Users\MPARTOR\Downloads\eclipse-jee-2024-09-R-win32-x86_64\eclipse\plugins\org.eclipse.m2e.maven.runtime_3.9.900.20240824-1409\jars\maven-resolver-spi-1.9.22.jar
2025-04-08 09:23:09,251 [Worker-44: Launching Executing clean in C__Users_MPARTOR_Desktop_workspaceproyecto_ejemploProyecto] INFO  o.eclipse.m2e.core.internal.Bundles - 	Entry: C:\Users\MPARTOR\Downloads\eclipse-jee-2024-09-R-win32-x86_64\eclipse\plugins\org.eclipse.m2e.maven.runtime_3.9.900.20240824-1409\jars\maven-resolver-transport-file-1.9.22.jar
2025-04-08 09:23:09,251 [Worker-44: Launching Executing clean in C__Users_MPARTOR_Desktop_workspaceproyecto_ejemploProyecto] INFO  o.eclipse.m2e.core.internal.Bundles - 	Entry: C:\Users\MPARTOR\Downloads\eclipse-jee-2024-09-R-win32-x86_64\eclipse\plugins\org.eclipse.m2e.maven.runtime_3.9.900.20240824-1409\jars\maven-resolver-transport-http-1.9.22.jar
2025-04-08 09:23:09,252 [Worker-44: Launching Executing clean in C__Users_MPARTOR_Desktop_workspaceproyecto_ejemploProyecto] INFO  o.eclipse.m2e.core.internal.Bundles - 	Entry: C:\Users\MPARTOR\Downloads\eclipse-jee-2024-09-R-win32-x86_64\eclipse\plugins\org.eclipse.m2e.maven.runtime_3.9.900.20240824-1409\jars\maven-resolver-transport-wagon-1.9.22.jar
2025-04-08 09:23:09,252 [Worker-44: Launching Executing clean in C__Users_MPARTOR_Desktop_workspaceproyecto_ejemploProyecto] INFO  o.eclipse.m2e.core.internal.Bundles - 	Entry: C:\Users\MPARTOR\Downloads\eclipse-jee-2024-09-R-win32-x86_64\eclipse\plugins\org.eclipse.m2e.maven.runtime_3.9.900.20240824-1409\jars\maven-resolver-util-1.9.22.jar
2025-04-08 09:23:09,252 [Worker-44: Launching Executing clean in C__Users_MPARTOR_Desktop_workspaceproyecto_ejemploProyecto] INFO  o.eclipse.m2e.core.internal.Bundles - 	Entry: C:\Users\MPARTOR\Downloads\eclipse-jee-2024-09-R-win32-x86_64\eclipse\plugins\org.eclipse.m2e.maven.runtime_3.9.900.20240824-1409\jars\maven-settings-3.9.9.jar
2025-04-08 09:23:09,252 [Worker-44: Launching Executing clean in C__Users_MPARTOR_Desktop_workspaceproyecto_ejemploProyecto] INFO  o.eclipse.m2e.core.internal.Bundles - 	Entry: C:\Users\MPARTOR\Downloads\eclipse-jee-2024-09-R-win32-x86_64\eclipse\plugins\org.eclipse.m2e.maven.runtime_3.9.900.20240824-1409\jars\maven-settings-builder-3.9.9.jar
2025-04-08 09:23:09,252 [Worker-44: Launching Executing clean in C__Users_MPARTOR_Desktop_workspaceproyecto_ejemploProyecto] INFO  o.eclipse.m2e.core.internal.Bundles - 	Entry: C:\Users\MPARTOR\Downloads\eclipse-jee-2024-09-R-win32-x86_64\eclipse\plugins\org.eclipse.m2e.maven.runtime_3.9.900.20240824-1409\jars\maven-shared-utils-3.4.2.jar
2025-04-08 09:23:09,252 [Worker-44: Launching Executing clean in C__Users_MPARTOR_Desktop_workspaceproyecto_ejemploProyecto] INFO  o.eclipse.m2e.core.internal.Bundles - 	Entry: C:\Users\MPARTOR\Downloads\eclipse-jee-2024-09-R-win32-x86_64\eclipse\plugins\org.eclipse.m2e.maven.runtime_3.9.900.20240824-1409\jars\org.eclipse.sisu.inject-0.9.0.M3.jar
2025-04-08 09:23:09,252 [Worker-44: Launching Executing clean in C__Users_MPARTOR_Desktop_workspaceproyecto_ejemploProyecto] INFO  o.eclipse.m2e.core.internal.Bundles - 	Entry: C:\Users\MPARTOR\Downloads\eclipse-jee-2024-09-R-win32-x86_64\eclipse\plugins\org.eclipse.m2e.maven.runtime_3.9.900.20240824-1409\jars\org.eclipse.sisu.plexus-0.9.0.M3.jar
2025-04-08 09:23:09,252 [Worker-44: Launching Executing clean in C__Users_MPARTOR_Desktop_workspaceproyecto_ejemploProyecto] INFO  o.eclipse.m2e.core.internal.Bundles - 	Entry: C:\Users\MPARTOR\Downloads\eclipse-jee-2024-09-R-win32-x86_64\eclipse\plugins\org.eclipse.m2e.maven.runtime_3.9.900.20240824-1409\jars\plexus-build-api-0.0.7.jar
2025-04-08 09:23:09,253 [Worker-44: Launching Executing clean in C__Users_MPARTOR_Desktop_workspaceproyecto_ejemploProyecto] INFO  o.eclipse.m2e.core.internal.Bundles - 	Entry: C:\Users\MPARTOR\Downloads\eclipse-jee-2024-09-R-win32-x86_64\eclipse\plugins\org.eclipse.m2e.maven.runtime_3.9.900.20240824-1409\jars\plexus-build-api-1.2.0.jar
2025-04-08 09:23:09,253 [Worker-44: Launching Executing clean in C__Users_MPARTOR_Desktop_workspaceproyecto_ejemploProyecto] INFO  o.eclipse.m2e.core.internal.Bundles - 	Entry: C:\Users\MPARTOR\Downloads\eclipse-jee-2024-09-R-win32-x86_64\eclipse\plugins\org.eclipse.m2e.maven.runtime_3.9.900.20240824-1409\jars\plexus-cipher-2.0.jar
2025-04-08 09:23:09,253 [Worker-44: Launching Executing clean in C__Users_MPARTOR_Desktop_workspaceproyecto_ejemploProyecto] INFO  o.eclipse.m2e.core.internal.Bundles - 	Entry: C:\Users\MPARTOR\Downloads\eclipse-jee-2024-09-R-win32-x86_64\eclipse\plugins\org.eclipse.m2e.maven.runtime_3.9.900.20240824-1409\jars\plexus-classworlds-2.8.0.jar
2025-04-08 09:23:09,253 [Worker-44: Launching Executing clean in C__Users_MPARTOR_Desktop_workspaceproyecto_ejemploProyecto] INFO  o.eclipse.m2e.core.internal.Bundles - 	Entry: C:\Users\MPARTOR\Downloads\eclipse-jee-2024-09-R-win32-x86_64\eclipse\plugins\org.eclipse.m2e.maven.runtime_3.9.900.20240824-1409\jars\plexus-component-annotations-2.1.0.jar
2025-04-08 09:23:09,253 [Worker-44: Launching Executing clean in C__Users_MPARTOR_Desktop_workspaceproyecto_ejemploProyecto] INFO  o.eclipse.m2e.core.internal.Bundles - 	Entry: C:\Users\MPARTOR\Downloads\eclipse-jee-2024-09-R-win32-x86_64\eclipse\plugins\org.eclipse.m2e.maven.runtime_3.9.900.20240824-1409\jars\plexus-interpolation-1.27.jar
2025-04-08 09:23:09,253 [Worker-44: Launching Executing clean in C__Users_MPARTOR_Desktop_workspaceproyecto_ejemploProyecto] INFO  o.eclipse.m2e.core.internal.Bundles - 	Entry: C:\Users\MPARTOR\Downloads\eclipse-jee-2024-09-R-win32-x86_64\eclipse\plugins\org.eclipse.m2e.maven.runtime_3.9.900.20240824-1409\jars\plexus-sec-dispatcher-2.0.jar
2025-04-08 09:23:09,253 [Worker-44: Launching Executing clean in C__Users_MPARTOR_Desktop_workspaceproyecto_ejemploProyecto] INFO  o.eclipse.m2e.core.internal.Bundles - 	Entry: C:\Users\MPARTOR\Downloads\eclipse-jee-2024-09-R-win32-x86_64\eclipse\plugins\org.eclipse.m2e.maven.runtime_3.9.900.20240824-1409\jars\plexus-utils-3.5.1.jar
2025-04-08 09:23:09,253 [Worker-44: Launching Executing clean in C__Users_MPARTOR_Desktop_workspaceproyecto_ejemploProyecto] INFO  o.eclipse.m2e.core.internal.Bundles - 	Entry: C:\Users\MPARTOR\Downloads\eclipse-jee-2024-09-R-win32-x86_64\eclipse\plugins\org.eclipse.m2e.maven.runtime_3.9.900.20240824-1409\jars\plexus-xml-3.0.1.jar
2025-04-08 09:23:09,253 [Worker-44: Launching Executing clean in C__Users_MPARTOR_Desktop_workspaceproyecto_ejemploProyecto] INFO  o.eclipse.m2e.core.internal.Bundles - 	Entry: C:\Users\MPARTOR\Downloads\eclipse-jee-2024-09-R-win32-x86_64\eclipse\plugins\org.eclipse.m2e.maven.runtime_3.9.900.20240824-1409\jars\wagon-file-3.5.3.jar
2025-04-08 09:23:09,254 [Worker-44: Launching Executing clean in C__Users_MPARTOR_Desktop_workspaceproyecto_ejemploProyecto] INFO  o.eclipse.m2e.core.internal.Bundles - 	Entry: C:\Users\MPARTOR\Downloads\eclipse-jee-2024-09-R-win32-x86_64\eclipse\plugins\org.eclipse.m2e.maven.runtime_3.9.900.20240824-1409\jars\wagon-http-3.5.3.jar
2025-04-08 09:23:09,254 [Worker-44: Launching Executing clean in C__Users_MPARTOR_Desktop_workspaceproyecto_ejemploProyecto] INFO  o.eclipse.m2e.core.internal.Bundles - 	Entry: C:\Users\MPARTOR\Downloads\eclipse-jee-2024-09-R-win32-x86_64\eclipse\plugins\org.eclipse.m2e.maven.runtime_3.9.900.20240824-1409\jars\wagon-http-shared-3.5.3.jar
2025-04-08 09:23:09,254 [Worker-44: Launching Executing clean in C__Users_MPARTOR_Desktop_workspaceproyecto_ejemploProyecto] INFO  o.eclipse.m2e.core.internal.Bundles - 	Entry: C:\Users\MPARTOR\Downloads\eclipse-jee-2024-09-R-win32-x86_64\eclipse\plugins\org.eclipse.m2e.maven.runtime_3.9.900.20240824-1409\jars\wagon-provider-api-3.5.3.jar
2025-04-08 09:23:09,255 [Worker-44: Launching Executing clean in C__Users_MPARTOR_Desktop_workspaceproyecto_ejemploProyecto] INFO  o.eclipse.m2e.core.internal.Bundles - getClasspathEntries(Bundle=com.google.guava_33.3.0.jre [16])
2025-04-08 09:23:09,255 [Worker-44: Launching Executing clean in C__Users_MPARTOR_Desktop_workspaceproyecto_ejemploProyecto] INFO  o.eclipse.m2e.core.internal.Bundles - 	Entry: C:\Users\MPARTOR\Downloads\eclipse-jee-2024-09-R-win32-x86_64\eclipse\plugins\com.google.guava_33.3.0.jre.jar
2025-04-08 09:23:09,255 [Worker-44: Launching Executing clean in C__Users_MPARTOR_Desktop_workspaceproyecto_ejemploProyecto] INFO  o.eclipse.m2e.core.internal.Bundles - getClasspathEntries(Bundle=slf4j.api_2.0.16 [1008])
2025-04-08 09:23:09,256 [Worker-44: Launching Executing clean in C__Users_MPARTOR_Desktop_workspaceproyecto_ejemploProyecto] INFO  o.eclipse.m2e.core.internal.Bundles - 	Entry: C:\Users\MPARTOR\Downloads\eclipse-jee-2024-09-R-win32-x86_64\eclipse\plugins\slf4j.api_2.0.16.jar
2025-04-08 09:23:09,256 [Worker-44: Launching Executing clean in C__Users_MPARTOR_Desktop_workspaceproyecto_ejemploProyecto] INFO  o.eclipse.m2e.core.internal.Bundles - getClasspathEntries(Bundle=jakarta.inject.jakarta.inject-api_1.0.5 [34])
2025-04-08 09:23:09,256 [Worker-44: Launching Executing clean in C__Users_MPARTOR_Desktop_workspaceproyecto_ejemploProyecto] INFO  o.eclipse.m2e.core.internal.Bundles - 	Entry: C:\Users\MPARTOR\Downloads\eclipse-jee-2024-09-R-win32-x86_64\eclipse\plugins\jakarta.inject.jakarta.inject-api_1.0.5.jar
2025-04-08 09:23:09,256 [Worker-44: Launching Executing clean in C__Users_MPARTOR_Desktop_workspaceproyecto_ejemploProyecto] INFO  o.eclipse.m2e.core.internal.Bundles - getClasspathEntries(Bundle=jakarta.annotation-api_1.3.5 [29])
2025-04-08 09:23:09,256 [Worker-44: Launching Executing clean in C__Users_MPARTOR_Desktop_workspaceproyecto_ejemploProyecto] INFO  o.eclipse.m2e.core.internal.Bundles - 	Entry: C:\Users\MPARTOR\Downloads\eclipse-jee-2024-09-R-win32-x86_64\eclipse\plugins\jakarta.annotation-api_1.3.5.jar
2025-04-08 09:23:09,256 [Worker-44: Launching Executing clean in C__Users_MPARTOR_Desktop_workspaceproyecto_ejemploProyecto] INFO  o.eclipse.m2e.core.internal.Bundles - getClasspathEntries(Bundle=org.apache.commons.cli_1.9.0 [78])
2025-04-08 09:23:09,257 [Worker-44: Launching Executing clean in C__Users_MPARTOR_Desktop_workspaceproyecto_ejemploProyecto] INFO  o.eclipse.m2e.core.internal.Bundles - 	Entry: C:\Users\MPARTOR\Downloads\eclipse-jee-2024-09-R-win32-x86_64\eclipse\plugins\org.apache.commons.cli_1.9.0.jar
2025-04-08 09:23:09,257 [Worker-44: Launching Executing clean in C__Users_MPARTOR_Desktop_workspaceproyecto_ejemploProyecto] INFO  o.eclipse.m2e.core.internal.Bundles - getClasspathEntries(Bundle=org.apache.commons.commons-codec_1.16.0 [81])
2025-04-08 09:23:09,257 [Worker-44: Launching Executing clean in C__Users_MPARTOR_Desktop_workspaceproyecto_ejemploProyecto] INFO  o.eclipse.m2e.core.internal.Bundles - 	Entry: C:\Users\MPARTOR\Downloads\eclipse-jee-2024-09-R-win32-x86_64\eclipse\plugins\org.apache.commons.commons-codec_1.16.0.jar
2025-04-08 09:23:09,257 [Worker-44: Launching Executing clean in C__Users_MPARTOR_Desktop_workspaceproyecto_ejemploProyecto] INFO  o.eclipse.m2e.core.internal.Bundles - getClasspathEntries(Bundle=com.google.guava.failureaccess_1.0.2 [17])
2025-04-08 09:23:09,257 [Worker-44: Launching Executing clean in C__Users_MPARTOR_Desktop_workspaceproyecto_ejemploProyecto] INFO  o.eclipse.m2e.core.internal.Bundles - 	Entry: C:\Users\MPARTOR\Downloads\eclipse-jee-2024-09-R-win32-x86_64\eclipse\plugins\com.google.guava.failureaccess_1.0.2.jar
2025-04-08 09:23:09,260 [Worker-44: Launching Executing clean in C__Users_MPARTOR_Desktop_workspaceproyecto_ejemploProyecto] INFO  o.e.m.i.launch.MavenLaunchDelegate - Run build in "C:\Users\MPARTOR\Desktop\workspaceproyecto\ejemploProyecto":
2025-04-08 09:23:09,263 [Worker-44: Launching Executing clean in C__Users_MPARTOR_Desktop_workspaceproyecto_ejemploProyecto] INFO  o.e.m.i.launch.MavenLaunchDelegate -  mvn  -B -Dstyle.color=always clean
2025-04-08 09:23:13,684 [Worker-37: Building] WARN  o.a.m.s.f.DefaultMavenResourcesFiltering - Using platform encoding (UTF-8 actually) to copy filtered resources, i.e. build is platform dependent!
2025-04-08 09:23:13,685 [Worker-37: Building] INFO  o.a.m.s.f.DefaultMavenResourcesFiltering - Copying 2 resources from src\main\resources to target\classes
2025-04-08 09:23:13,689 [Worker-37: Building] WARN  o.a.m.s.f.DefaultMavenResourcesFiltering - Using platform encoding (UTF-8 actually) to copy filtered resources, i.e. build is platform dependent!
2025-04-08 09:23:13,690 [Worker-37: Building] INFO  o.a.m.s.f.DefaultMavenResourcesFiltering - Copying 0 resource from src\test\resources to target\test-classes
2025-04-08 09:23:13,690 [Worker-37: Building] INFO  o.e.m.w.i.f.ResourceFilteringBuildParticipant - Changed resources require a complete clean of filtered resources of ejemploProyecto
2025-04-08 09:23:13,690 [Worker-37: Building] INFO  o.e.m.w.i.f.ResourceFilteringBuildParticipant - Executing resource filtering for ejemploProyecto
2025-04-08 09:23:27,735 [Worker-38: Launching Executing install in C__Users_MPARTOR_Desktop_workspaceproyecto_ejemploProyecto] INFO  o.eclipse.m2e.core.internal.Bundles - getClasspathEntries(Bundle=org.eclipse.m2e.maven.runtime_3.9.900.20240824-1409 [643])
2025-04-08 09:23:27,736 [Worker-38: Launching Executing install in C__Users_MPARTOR_Desktop_workspaceproyecto_ejemploProyecto] INFO  o.eclipse.m2e.core.internal.Bundles - 	Entry: C:\Users\MPARTOR\Downloads\eclipse-jee-2024-09-R-win32-x86_64\eclipse\plugins\org.eclipse.m2e.maven.runtime_3.9.900.20240824-1409
2025-04-08 09:23:27,736 [Worker-38: Launching Executing install in C__Users_MPARTOR_Desktop_workspaceproyecto_ejemploProyecto] INFO  o.eclipse.m2e.core.internal.Bundles - 	Entry: C:\Users\MPARTOR\Downloads\eclipse-jee-2024-09-R-win32-x86_64\eclipse\plugins\org.eclipse.m2e.maven.runtime_3.9.900.20240824-1409\jars\aopalliance-1.0.jar
2025-04-08 09:23:27,736 [Worker-38: Launching Executing install in C__Users_MPARTOR_Desktop_workspaceproyecto_ejemploProyecto] INFO  o.eclipse.m2e.core.internal.Bundles - 	Entry: C:\Users\MPARTOR\Downloads\eclipse-jee-2024-09-R-win32-x86_64\eclipse\plugins\org.eclipse.m2e.maven.runtime_3.9.900.20240824-1409\jars\guice-5.1.0.jar
2025-04-08 09:23:27,736 [Worker-38: Launching Executing install in C__Users_MPARTOR_Desktop_workspaceproyecto_ejemploProyecto] INFO  o.eclipse.m2e.core.internal.Bundles - 	Entry: C:\Users\MPARTOR\Downloads\eclipse-jee-2024-09-R-win32-x86_64\eclipse\plugins\org.eclipse.m2e.maven.runtime_3.9.900.20240824-1409\jars\httpclient-4.5.14.jar
2025-04-08 09:23:27,736 [Worker-38: Launching Executing install in C__Users_MPARTOR_Desktop_workspaceproyecto_ejemploProyecto] INFO  o.eclipse.m2e.core.internal.Bundles - 	Entry: C:\Users\MPARTOR\Downloads\eclipse-jee-2024-09-R-win32-x86_64\eclipse\plugins\org.eclipse.m2e.maven.runtime_3.9.900.20240824-1409\jars\httpcore-4.4.16.jar
2025-04-08 09:23:27,736 [Worker-38: Launching Executing install in C__Users_MPARTOR_Desktop_workspaceproyecto_ejemploProyecto] INFO  o.eclipse.m2e.core.internal.Bundles - 	Entry: C:\Users\MPARTOR\Downloads\eclipse-jee-2024-09-R-win32-x86_64\eclipse\plugins\org.eclipse.m2e.maven.runtime_3.9.900.20240824-1409\jars\jansi-2.4.1.jar
2025-04-08 09:23:27,736 [Worker-38: Launching Executing install in C__Users_MPARTOR_Desktop_workspaceproyecto_ejemploProyecto] INFO  o.eclipse.m2e.core.internal.Bundles - 	Entry: C:\Users\MPARTOR\Downloads\eclipse-jee-2024-09-R-win32-x86_64\eclipse\plugins\org.eclipse.m2e.maven.runtime_3.9.900.20240824-1409\jars\jcl-over-slf4j-1.7.36.jar
2025-04-08 09:23:27,736 [Worker-38: Launching Executing install in C__Users_MPARTOR_Desktop_workspaceproyecto_ejemploProyecto] INFO  o.eclipse.m2e.core.internal.Bundles - 	Entry: C:\Users\MPARTOR\Downloads\eclipse-jee-2024-09-R-win32-x86_64\eclipse\plugins\org.eclipse.m2e.maven.runtime_3.9.900.20240824-1409\jars\maven-artifact-3.9.9.jar
2025-04-08 09:23:27,737 [Worker-38: Launching Executing install in C__Users_MPARTOR_Desktop_workspaceproyecto_ejemploProyecto] INFO  o.eclipse.m2e.core.internal.Bundles - 	Entry: C:\Users\MPARTOR\Downloads\eclipse-jee-2024-09-R-win32-x86_64\eclipse\plugins\org.eclipse.m2e.maven.runtime_3.9.900.20240824-1409\jars\maven-builder-support-3.9.9.jar
2025-04-08 09:23:27,737 [Worker-38: Launching Executing install in C__Users_MPARTOR_Desktop_workspaceproyecto_ejemploProyecto] INFO  o.eclipse.m2e.core.internal.Bundles - 	Entry: C:\Users\MPARTOR\Downloads\eclipse-jee-2024-09-R-win32-x86_64\eclipse\plugins\org.eclipse.m2e.maven.runtime_3.9.900.20240824-1409\jars\maven-compat-3.9.9.jar
2025-04-08 09:23:27,737 [Worker-38: Launching Executing install in C__Users_MPARTOR_Desktop_workspaceproyecto_ejemploProyecto] INFO  o.eclipse.m2e.core.internal.Bundles - 	Entry: C:\Users\MPARTOR\Downloads\eclipse-jee-2024-09-R-win32-x86_64\eclipse\plugins\org.eclipse.m2e.maven.runtime_3.9.900.20240824-1409\jars\maven-core-3.9.9.jar
2025-04-08 09:23:27,737 [Worker-38: Launching Executing install in C__Users_MPARTOR_Desktop_workspaceproyecto_ejemploProyecto] INFO  o.eclipse.m2e.core.internal.Bundles - 	Entry: C:\Users\MPARTOR\Downloads\eclipse-jee-2024-09-R-win32-x86_64\eclipse\plugins\org.eclipse.m2e.maven.runtime_3.9.900.20240824-1409\jars\maven-embedder-3.9.9.jar
2025-04-08 09:23:27,737 [Worker-38: Launching Executing install in C__Users_MPARTOR_Desktop_workspaceproyecto_ejemploProyecto] INFO  o.eclipse.m2e.core.internal.Bundles - 	Entry: C:\Users\MPARTOR\Downloads\eclipse-jee-2024-09-R-win32-x86_64\eclipse\plugins\org.eclipse.m2e.maven.runtime_3.9.900.20240824-1409\jars\maven-model-3.9.9.jar
2025-04-08 09:23:27,737 [Worker-38: Launching Executing install in C__Users_MPARTOR_Desktop_workspaceproyecto_ejemploProyecto] INFO  o.eclipse.m2e.core.internal.Bundles - 	Entry: C:\Users\MPARTOR\Downloads\eclipse-jee-2024-09-R-win32-x86_64\eclipse\plugins\org.eclipse.m2e.maven.runtime_3.9.900.20240824-1409\jars\maven-model-builder-3.9.9.jar
2025-04-08 09:23:27,737 [Worker-38: Launching Executing install in C__Users_MPARTOR_Desktop_workspaceproyecto_ejemploProyecto] INFO  o.eclipse.m2e.core.internal.Bundles - 	Entry: C:\Users\MPARTOR\Downloads\eclipse-jee-2024-09-R-win32-x86_64\eclipse\plugins\org.eclipse.m2e.maven.runtime_3.9.900.20240824-1409\jars\maven-plugin-api-3.9.9.jar
2025-04-08 09:23:27,737 [Worker-38: Launching Executing install in C__Users_MPARTOR_Desktop_workspaceproyecto_ejemploProyecto] INFO  o.eclipse.m2e.core.internal.Bundles - 	Entry: C:\Users\MPARTOR\Downloads\eclipse-jee-2024-09-R-win32-x86_64\eclipse\plugins\org.eclipse.m2e.maven.runtime_3.9.900.20240824-1409\jars\maven-repository-metadata-3.9.9.jar
2025-04-08 09:23:27,737 [Worker-38: Launching Executing install in C__Users_MPARTOR_Desktop_workspaceproyecto_ejemploProyecto] INFO  o.eclipse.m2e.core.internal.Bundles - 	Entry: C:\Users\MPARTOR\Downloads\eclipse-jee-2024-09-R-win32-x86_64\eclipse\plugins\org.eclipse.m2e.maven.runtime_3.9.900.20240824-1409\jars\maven-resolver-api-1.9.22.jar
2025-04-08 09:23:27,738 [Worker-38: Launching Executing install in C__Users_MPARTOR_Desktop_workspaceproyecto_ejemploProyecto] INFO  o.eclipse.m2e.core.internal.Bundles - 	Entry: C:\Users\MPARTOR\Downloads\eclipse-jee-2024-09-R-win32-x86_64\eclipse\plugins\org.eclipse.m2e.maven.runtime_3.9.900.20240824-1409\jars\maven-resolver-connector-basic-1.9.22.jar
2025-04-08 09:23:27,738 [Worker-38: Launching Executing install in C__Users_MPARTOR_Desktop_workspaceproyecto_ejemploProyecto] INFO  o.eclipse.m2e.core.internal.Bundles - 	Entry: C:\Users\MPARTOR\Downloads\eclipse-jee-2024-09-R-win32-x86_64\eclipse\plugins\org.eclipse.m2e.maven.runtime_3.9.900.20240824-1409\jars\maven-resolver-impl-1.9.22.jar
2025-04-08 09:23:27,738 [Worker-38: Launching Executing install in C__Users_MPARTOR_Desktop_workspaceproyecto_ejemploProyecto] INFO  o.eclipse.m2e.core.internal.Bundles - 	Entry: C:\Users\MPARTOR\Downloads\eclipse-jee-2024-09-R-win32-x86_64\eclipse\plugins\org.eclipse.m2e.maven.runtime_3.9.900.20240824-1409\jars\maven-resolver-named-locks-1.9.22.jar
2025-04-08 09:23:27,738 [Worker-38: Launching Executing install in C__Users_MPARTOR_Desktop_workspaceproyecto_ejemploProyecto] INFO  o.eclipse.m2e.core.internal.Bundles - 	Entry: C:\Users\MPARTOR\Downloads\eclipse-jee-2024-09-R-win32-x86_64\eclipse\plugins\org.eclipse.m2e.maven.runtime_3.9.900.20240824-1409\jars\maven-resolver-provider-3.9.9.jar
2025-04-08 09:23:27,738 [Worker-38: Launching Executing install in C__Users_MPARTOR_Desktop_workspaceproyecto_ejemploProyecto] INFO  o.eclipse.m2e.core.internal.Bundles - 	Entry: C:\Users\MPARTOR\Downloads\eclipse-jee-2024-09-R-win32-x86_64\eclipse\plugins\org.eclipse.m2e.maven.runtime_3.9.900.20240824-1409\jars\maven-resolver-spi-1.9.22.jar
2025-04-08 09:23:27,738 [Worker-38: Launching Executing install in C__Users_MPARTOR_Desktop_workspaceproyecto_ejemploProyecto] INFO  o.eclipse.m2e.core.internal.Bundles - 	Entry: C:\Users\MPARTOR\Downloads\eclipse-jee-2024-09-R-win32-x86_64\eclipse\plugins\org.eclipse.m2e.maven.runtime_3.9.900.20240824-1409\jars\maven-resolver-transport-file-1.9.22.jar
2025-04-08 09:23:27,738 [Worker-38: Launching Executing install in C__Users_MPARTOR_Desktop_workspaceproyecto_ejemploProyecto] INFO  o.eclipse.m2e.core.internal.Bundles - 	Entry: C:\Users\MPARTOR\Downloads\eclipse-jee-2024-09-R-win32-x86_64\eclipse\plugins\org.eclipse.m2e.maven.runtime_3.9.900.20240824-1409\jars\maven-resolver-transport-http-1.9.22.jar
2025-04-08 09:23:27,738 [Worker-38: Launching Executing install in C__Users_MPARTOR_Desktop_workspaceproyecto_ejemploProyecto] INFO  o.eclipse.m2e.core.internal.Bundles - 	Entry: C:\Users\MPARTOR\Downloads\eclipse-jee-2024-09-R-win32-x86_64\eclipse\plugins\org.eclipse.m2e.maven.runtime_3.9.900.20240824-1409\jars\maven-resolver-transport-wagon-1.9.22.jar
2025-04-08 09:23:27,738 [Worker-38: Launching Executing install in C__Users_MPARTOR_Desktop_workspaceproyecto_ejemploProyecto] INFO  o.eclipse.m2e.core.internal.Bundles - 	Entry: C:\Users\MPARTOR\Downloads\eclipse-jee-2024-09-R-win32-x86_64\eclipse\plugins\org.eclipse.m2e.maven.runtime_3.9.900.20240824-1409\jars\maven-resolver-util-1.9.22.jar
2025-04-08 09:23:27,738 [Worker-38: Launching Executing install in C__Users_MPARTOR_Desktop_workspaceproyecto_ejemploProyecto] INFO  o.eclipse.m2e.core.internal.Bundles - 	Entry: C:\Users\MPARTOR\Downloads\eclipse-jee-2024-09-R-win32-x86_64\eclipse\plugins\org.eclipse.m2e.maven.runtime_3.9.900.20240824-1409\jars\maven-settings-3.9.9.jar
2025-04-08 09:23:27,739 [Worker-38: Launching Executing install in C__Users_MPARTOR_Desktop_workspaceproyecto_ejemploProyecto] INFO  o.eclipse.m2e.core.internal.Bundles - 	Entry: C:\Users\MPARTOR\Downloads\eclipse-jee-2024-09-R-win32-x86_64\eclipse\plugins\org.eclipse.m2e.maven.runtime_3.9.900.20240824-1409\jars\maven-settings-builder-3.9.9.jar
2025-04-08 09:23:27,739 [Worker-38: Launching Executing install in C__Users_MPARTOR_Desktop_workspaceproyecto_ejemploProyecto] INFO  o.eclipse.m2e.core.internal.Bundles - 	Entry: C:\Users\MPARTOR\Downloads\eclipse-jee-2024-09-R-win32-x86_64\eclipse\plugins\org.eclipse.m2e.maven.runtime_3.9.900.20240824-1409\jars\maven-shared-utils-3.4.2.jar
2025-04-08 09:23:27,739 [Worker-38: Launching Executing install in C__Users_MPARTOR_Desktop_workspaceproyecto_ejemploProyecto] INFO  o.eclipse.m2e.core.internal.Bundles - 	Entry: C:\Users\MPARTOR\Downloads\eclipse-jee-2024-09-R-win32-x86_64\eclipse\plugins\org.eclipse.m2e.maven.runtime_3.9.900.20240824-1409\jars\org.eclipse.sisu.inject-0.9.0.M3.jar
2025-04-08 09:23:27,739 [Worker-38: Launching Executing install in C__Users_MPARTOR_Desktop_workspaceproyecto_ejemploProyecto] INFO  o.eclipse.m2e.core.internal.Bundles - 	Entry: C:\Users\MPARTOR\Downloads\eclipse-jee-2024-09-R-win32-x86_64\eclipse\plugins\org.eclipse.m2e.maven.runtime_3.9.900.20240824-1409\jars\org.eclipse.sisu.plexus-0.9.0.M3.jar
2025-04-08 09:23:27,739 [Worker-38: Launching Executing install in C__Users_MPARTOR_Desktop_workspaceproyecto_ejemploProyecto] INFO  o.eclipse.m2e.core.internal.Bundles - 	Entry: C:\Users\MPARTOR\Downloads\eclipse-jee-2024-09-R-win32-x86_64\eclipse\plugins\org.eclipse.m2e.maven.runtime_3.9.900.20240824-1409\jars\plexus-build-api-0.0.7.jar
2025-04-08 09:23:27,739 [Worker-38: Launching Executing install in C__Users_MPARTOR_Desktop_workspaceproyecto_ejemploProyecto] INFO  o.eclipse.m2e.core.internal.Bundles - 	Entry: C:\Users\MPARTOR\Downloads\eclipse-jee-2024-09-R-win32-x86_64\eclipse\plugins\org.eclipse.m2e.maven.runtime_3.9.900.20240824-1409\jars\plexus-build-api-1.2.0.jar
2025-04-08 09:23:27,739 [Worker-38: Launching Executing install in C__Users_MPARTOR_Desktop_workspaceproyecto_ejemploProyecto] INFO  o.eclipse.m2e.core.internal.Bundles - 	Entry: C:\Users\MPARTOR\Downloads\eclipse-jee-2024-09-R-win32-x86_64\eclipse\plugins\org.eclipse.m2e.maven.runtime_3.9.900.20240824-1409\jars\plexus-cipher-2.0.jar
2025-04-08 09:23:27,739 [Worker-38: Launching Executing install in C__Users_MPARTOR_Desktop_workspaceproyecto_ejemploProyecto] INFO  o.eclipse.m2e.core.internal.Bundles - 	Entry: C:\Users\MPARTOR\Downloads\eclipse-jee-2024-09-R-win32-x86_64\eclipse\plugins\org.eclipse.m2e.maven.runtime_3.9.900.20240824-1409\jars\plexus-classworlds-2.8.0.jar
2025-04-08 09:23:27,739 [Worker-38: Launching Executing install in C__Users_MPARTOR_Desktop_workspaceproyecto_ejemploProyecto] INFO  o.eclipse.m2e.core.internal.Bundles - 	Entry: C:\Users\MPARTOR\Downloads\eclipse-jee-2024-09-R-win32-x86_64\eclipse\plugins\org.eclipse.m2e.maven.runtime_3.9.900.20240824-1409\jars\plexus-component-annotations-2.1.0.jar
2025-04-08 09:23:27,739 [Worker-38: Launching Executing install in C__Users_MPARTOR_Desktop_workspaceproyecto_ejemploProyecto] INFO  o.eclipse.m2e.core.internal.Bundles - 	Entry: C:\Users\MPARTOR\Downloads\eclipse-jee-2024-09-R-win32-x86_64\eclipse\plugins\org.eclipse.m2e.maven.runtime_3.9.900.20240824-1409\jars\plexus-interpolation-1.27.jar
2025-04-08 09:23:27,740 [Worker-38: Launching Executing install in C__Users_MPARTOR_Desktop_workspaceproyecto_ejemploProyecto] INFO  o.eclipse.m2e.core.internal.Bundles - 	Entry: C:\Users\MPARTOR\Downloads\eclipse-jee-2024-09-R-win32-x86_64\eclipse\plugins\org.eclipse.m2e.maven.runtime_3.9.900.20240824-1409\jars\plexus-sec-dispatcher-2.0.jar
2025-04-08 09:23:27,740 [Worker-38: Launching Executing install in C__Users_MPARTOR_Desktop_workspaceproyecto_ejemploProyecto] INFO  o.eclipse.m2e.core.internal.Bundles - 	Entry: C:\Users\MPARTOR\Downloads\eclipse-jee-2024-09-R-win32-x86_64\eclipse\plugins\org.eclipse.m2e.maven.runtime_3.9.900.20240824-1409\jars\plexus-utils-3.5.1.jar
2025-04-08 09:23:27,740 [Worker-38: Launching Executing install in C__Users_MPARTOR_Desktop_workspaceproyecto_ejemploProyecto] INFO  o.eclipse.m2e.core.internal.Bundles - 	Entry: C:\Users\MPARTOR\Downloads\eclipse-jee-2024-09-R-win32-x86_64\eclipse\plugins\org.eclipse.m2e.maven.runtime_3.9.900.20240824-1409\jars\plexus-xml-3.0.1.jar
2025-04-08 09:23:27,740 [Worker-38: Launching Executing install in C__Users_MPARTOR_Desktop_workspaceproyecto_ejemploProyecto] INFO  o.eclipse.m2e.core.internal.Bundles - 	Entry: C:\Users\MPARTOR\Downloads\eclipse-jee-2024-09-R-win32-x86_64\eclipse\plugins\org.eclipse.m2e.maven.runtime_3.9.900.20240824-1409\jars\wagon-file-3.5.3.jar
2025-04-08 09:23:27,740 [Worker-38: Launching Executing install in C__Users_MPARTOR_Desktop_workspaceproyecto_ejemploProyecto] INFO  o.eclipse.m2e.core.internal.Bundles - 	Entry: C:\Users\MPARTOR\Downloads\eclipse-jee-2024-09-R-win32-x86_64\eclipse\plugins\org.eclipse.m2e.maven.runtime_3.9.900.20240824-1409\jars\wagon-http-3.5.3.jar
2025-04-08 09:23:27,740 [Worker-38: Launching Executing install in C__Users_MPARTOR_Desktop_workspaceproyecto_ejemploProyecto] INFO  o.eclipse.m2e.core.internal.Bundles - 	Entry: C:\Users\MPARTOR\Downloads\eclipse-jee-2024-09-R-win32-x86_64\eclipse\plugins\org.eclipse.m2e.maven.runtime_3.9.900.20240824-1409\jars\wagon-http-shared-3.5.3.jar
2025-04-08 09:23:27,740 [Worker-38: Launching Executing install in C__Users_MPARTOR_Desktop_workspaceproyecto_ejemploProyecto] INFO  o.eclipse.m2e.core.internal.Bundles - 	Entry: C:\Users\MPARTOR\Downloads\eclipse-jee-2024-09-R-win32-x86_64\eclipse\plugins\org.eclipse.m2e.maven.runtime_3.9.900.20240824-1409\jars\wagon-provider-api-3.5.3.jar
2025-04-08 09:23:27,740 [Worker-38: Launching Executing install in C__Users_MPARTOR_Desktop_workspaceproyecto_ejemploProyecto] INFO  o.eclipse.m2e.core.internal.Bundles - getClasspathEntries(Bundle=com.google.guava_33.3.0.jre [16])
2025-04-08 09:23:27,741 [Worker-38: Launching Executing install in C__Users_MPARTOR_Desktop_workspaceproyecto_ejemploProyecto] INFO  o.eclipse.m2e.core.internal.Bundles - 	Entry: C:\Users\MPARTOR\Downloads\eclipse-jee-2024-09-R-win32-x86_64\eclipse\plugins\com.google.guava_33.3.0.jre.jar
2025-04-08 09:23:27,741 [Worker-38: Launching Executing install in C__Users_MPARTOR_Desktop_workspaceproyecto_ejemploProyecto] INFO  o.eclipse.m2e.core.internal.Bundles - getClasspathEntries(Bundle=slf4j.api_2.0.16 [1008])
2025-04-08 09:23:27,741 [Worker-38: Launching Executing install in C__Users_MPARTOR_Desktop_workspaceproyecto_ejemploProyecto] INFO  o.eclipse.m2e.core.internal.Bundles - 	Entry: C:\Users\MPARTOR\Downloads\eclipse-jee-2024-09-R-win32-x86_64\eclipse\plugins\slf4j.api_2.0.16.jar
2025-04-08 09:23:27,741 [Worker-38: Launching Executing install in C__Users_MPARTOR_Desktop_workspaceproyecto_ejemploProyecto] INFO  o.eclipse.m2e.core.internal.Bundles - getClasspathEntries(Bundle=jakarta.inject.jakarta.inject-api_1.0.5 [34])
2025-04-08 09:23:27,741 [Worker-38: Launching Executing install in C__Users_MPARTOR_Desktop_workspaceproyecto_ejemploProyecto] INFO  o.eclipse.m2e.core.internal.Bundles - 	Entry: C:\Users\MPARTOR\Downloads\eclipse-jee-2024-09-R-win32-x86_64\eclipse\plugins\jakarta.inject.jakarta.inject-api_1.0.5.jar
2025-04-08 09:23:27,741 [Worker-38: Launching Executing install in C__Users_MPARTOR_Desktop_workspaceproyecto_ejemploProyecto] INFO  o.eclipse.m2e.core.internal.Bundles - getClasspathEntries(Bundle=jakarta.annotation-api_1.3.5 [29])
2025-04-08 09:23:27,742 [Worker-38: Launching Executing install in C__Users_MPARTOR_Desktop_workspaceproyecto_ejemploProyecto] INFO  o.eclipse.m2e.core.internal.Bundles - 	Entry: C:\Users\MPARTOR\Downloads\eclipse-jee-2024-09-R-win32-x86_64\eclipse\plugins\jakarta.annotation-api_1.3.5.jar
2025-04-08 09:23:27,742 [Worker-38: Launching Executing install in C__Users_MPARTOR_Desktop_workspaceproyecto_ejemploProyecto] INFO  o.eclipse.m2e.core.internal.Bundles - getClasspathEntries(Bundle=org.apache.commons.cli_1.9.0 [78])
2025-04-08 09:23:27,742 [Worker-38: Launching Executing install in C__Users_MPARTOR_Desktop_workspaceproyecto_ejemploProyecto] INFO  o.eclipse.m2e.core.internal.Bundles - 	Entry: C:\Users\MPARTOR\Downloads\eclipse-jee-2024-09-R-win32-x86_64\eclipse\plugins\org.apache.commons.cli_1.9.0.jar
2025-04-08 09:23:27,742 [Worker-38: Launching Executing install in C__Users_MPARTOR_Desktop_workspaceproyecto_ejemploProyecto] INFO  o.eclipse.m2e.core.internal.Bundles - getClasspathEntries(Bundle=org.apache.commons.commons-codec_1.16.0 [81])
2025-04-08 09:23:27,742 [Worker-38: Launching Executing install in C__Users_MPARTOR_Desktop_workspaceproyecto_ejemploProyecto] INFO  o.eclipse.m2e.core.internal.Bundles - 	Entry: C:\Users\MPARTOR\Downloads\eclipse-jee-2024-09-R-win32-x86_64\eclipse\plugins\org.apache.commons.commons-codec_1.16.0.jar
2025-04-08 09:23:27,742 [Worker-38: Launching Executing install in C__Users_MPARTOR_Desktop_workspaceproyecto_ejemploProyecto] INFO  o.eclipse.m2e.core.internal.Bundles - getClasspathEntries(Bundle=com.google.guava.failureaccess_1.0.2 [17])
2025-04-08 09:23:27,742 [Worker-38: Launching Executing install in C__Users_MPARTOR_Desktop_workspaceproyecto_ejemploProyecto] INFO  o.eclipse.m2e.core.internal.Bundles - 	Entry: C:\Users\MPARTOR\Downloads\eclipse-jee-2024-09-R-win32-x86_64\eclipse\plugins\com.google.guava.failureaccess_1.0.2.jar
2025-04-08 09:23:27,743 [Worker-38: Launching Executing install in C__Users_MPARTOR_Desktop_workspaceproyecto_ejemploProyecto] INFO  o.e.m.i.launch.MavenLaunchDelegate - Run build in "C:\Users\MPARTOR\Desktop\workspaceproyecto\ejemploProyecto":
2025-04-08 09:23:27,743 [Worker-38: Launching Executing install in C__Users_MPARTOR_Desktop_workspaceproyecto_ejemploProyecto] INFO  o.e.m.i.launch.MavenLaunchDelegate -  mvn  -B -Dstyle.color=always install
2025-04-08 09:31:54,079 [Worker-49: Building] WARN  o.a.m.s.f.DefaultMavenResourcesFiltering - Using platform encoding (UTF-8 actually) to copy filtered resources, i.e. build is platform dependent!
2025-04-08 09:31:54,081 [Worker-49: Building] INFO  o.a.m.s.f.DefaultMavenResourcesFiltering - Copying 2 resources from src\main\resources to target\classes
2025-04-08 09:31:54,084 [Worker-49: Building] WARN  o.a.m.s.f.DefaultMavenResourcesFiltering - Using platform encoding (UTF-8 actually) to copy filtered resources, i.e. build is platform dependent!
2025-04-08 09:31:54,085 [Worker-49: Building] INFO  o.a.m.s.f.DefaultMavenResourcesFiltering - Copying 0 resource from src\test\resources to target\test-classes
2025-04-08 09:50:09,781 [Worker-54: Launching GestionaQuery80] WARN  o.a.m.s.f.DefaultMavenResourcesFiltering - Using platform encoding (UTF-8 actually) to copy filtered resources, i.e. build is platform dependent!
2025-04-08 09:50:09,782 [Worker-54: Launching GestionaQuery80] INFO  o.a.m.s.f.DefaultMavenResourcesFiltering - Copying 2 resources from src\main\resources to target\classes
2025-04-08 09:50:09,785 [Worker-54: Launching GestionaQuery80] WARN  o.a.m.s.f.DefaultMavenResourcesFiltering - Using platform encoding (UTF-8 actually) to copy filtered resources, i.e. build is platform dependent!
2025-04-08 09:50:09,786 [Worker-54: Launching GestionaQuery80] INFO  o.a.m.s.f.DefaultMavenResourcesFiltering - Copying 0 resource from src\test\resources to target\test-classes
2025-04-08 09:53:14,765 [Worker-55: Launching GestionaQuery80] WARN  o.a.m.s.f.DefaultMavenResourcesFiltering - Using platform encoding (UTF-8 actually) to copy filtered resources, i.e. build is platform dependent!
2025-04-08 09:53:14,766 [Worker-55: Launching GestionaQuery80] INFO  o.a.m.s.f.DefaultMavenResourcesFiltering - Copying 1 resource from src\main\resources to target\classes
2025-04-08 09:53:14,770 [Worker-55: Launching GestionaQuery80] WARN  o.a.m.s.f.DefaultMavenResourcesFiltering - Using platform encoding (UTF-8 actually) to copy filtered resources, i.e. build is platform dependent!
2025-04-08 09:53:14,771 [Worker-55: Launching GestionaQuery80] INFO  o.a.m.s.f.DefaultMavenResourcesFiltering - Copying 0 resource from src\test\resources to target\test-classes
2025-04-08 09:55:01,617 [Worker-55: Launching GestionaQuery80] WARN  o.a.m.s.f.DefaultMavenResourcesFiltering - Using platform encoding (UTF-8 actually) to copy filtered resources, i.e. build is platform dependent!
2025-04-08 09:55:01,618 [Worker-55: Launching GestionaQuery80] INFO  o.a.m.s.f.DefaultMavenResourcesFiltering - Copying 2 resources from src\main\resources to target\classes
2025-04-08 09:55:01,620 [Worker-55: Launching GestionaQuery80] WARN  o.a.m.s.f.DefaultMavenResourcesFiltering - Using platform encoding (UTF-8 actually) to copy filtered resources, i.e. build is platform dependent!
2025-04-08 09:55:01,621 [Worker-55: Launching GestionaQuery80] INFO  o.a.m.s.f.DefaultMavenResourcesFiltering - Copying 0 resource from src\test\resources to target\test-classes
2025-04-08 09:55:13,561 [Worker-55: Launching GestionaQuery80] WARN  o.a.m.s.f.DefaultMavenResourcesFiltering - Using platform encoding (UTF-8 actually) to copy filtered resources, i.e. build is platform dependent!
2025-04-08 09:55:13,562 [Worker-55: Launching GestionaQuery80] INFO  o.a.m.s.f.DefaultMavenResourcesFiltering - Copying 2 resources from src\main\resources to target\classes
2025-04-08 09:55:13,565 [Worker-55: Launching GestionaQuery80] WARN  o.a.m.s.f.DefaultMavenResourcesFiltering - Using platform encoding (UTF-8 actually) to copy filtered resources, i.e. build is platform dependent!
2025-04-08 09:55:13,566 [Worker-55: Launching GestionaQuery80] INFO  o.a.m.s.f.DefaultMavenResourcesFiltering - Copying 0 resource from src\test\resources to target\test-classes
2025-04-08 09:58:47,531 [Worker-54: Building] WARN  o.a.m.s.f.DefaultMavenResourcesFiltering - Using platform encoding (UTF-8 actually) to copy filtered resources, i.e. build is platform dependent!
2025-04-08 09:58:47,532 [Worker-54: Building] INFO  o.a.m.s.f.DefaultMavenResourcesFiltering - Copying 2 resources from src\main\resources to target\classes
2025-04-08 09:58:47,533 [Worker-54: Building] WARN  o.a.m.s.f.DefaultMavenResourcesFiltering - Using platform encoding (UTF-8 actually) to copy filtered resources, i.e. build is platform dependent!
2025-04-08 09:58:47,534 [Worker-54: Building] INFO  o.a.m.s.f.DefaultMavenResourcesFiltering - Copying 0 resource from src\test\resources to target\test-classes
2025-04-08 10:03:55,057 [Worker-63: Launching GestionaQuery80] WARN  o.a.m.s.f.DefaultMavenResourcesFiltering - Using platform encoding (UTF-8 actually) to copy filtered resources, i.e. build is platform dependent!
2025-04-08 10:03:55,058 [Worker-63: Launching GestionaQuery80] INFO  o.a.m.s.f.DefaultMavenResourcesFiltering - Copying 2 resources from src\main\resources to target\classes
2025-04-08 10:03:55,060 [Worker-63: Launching GestionaQuery80] WARN  o.a.m.s.f.DefaultMavenResourcesFiltering - Using platform encoding (UTF-8 actually) to copy filtered resources, i.e. build is platform dependent!
2025-04-08 10:03:55,061 [Worker-63: Launching GestionaQuery80] INFO  o.a.m.s.f.DefaultMavenResourcesFiltering - Copying 0 resource from src\test\resources to target\test-classes
2025-04-08 10:04:18,236 [Worker-63: Building] WARN  o.a.m.s.f.DefaultMavenResourcesFiltering - Using platform encoding (UTF-8 actually) to copy filtered resources, i.e. build is platform dependent!
2025-04-08 10:04:18,238 [Worker-63: Building] INFO  o.a.m.s.f.DefaultMavenResourcesFiltering - Copying 2 resources from src\main\resources to target\classes
2025-04-08 10:04:18,240 [Worker-63: Building] WARN  o.a.m.s.f.DefaultMavenResourcesFiltering - Using platform encoding (UTF-8 actually) to copy filtered resources, i.e. build is platform dependent!
2025-04-08 10:04:18,241 [Worker-63: Building] INFO  o.a.m.s.f.DefaultMavenResourcesFiltering - Copying 0 resource from src\test\resources to target\test-classes
2025-04-08 10:04:21,280 [Worker-61: Launching GestionaQuery80] WARN  o.a.m.s.f.DefaultMavenResourcesFiltering - Using platform encoding (UTF-8 actually) to copy filtered resources, i.e. build is platform dependent!
2025-04-08 10:04:21,281 [Worker-61: Launching GestionaQuery80] INFO  o.a.m.s.f.DefaultMavenResourcesFiltering - Copying 2 resources from src\main\resources to target\classes
2025-04-08 10:04:21,283 [Worker-61: Launching GestionaQuery80] WARN  o.a.m.s.f.DefaultMavenResourcesFiltering - Using platform encoding (UTF-8 actually) to copy filtered resources, i.e. build is platform dependent!
2025-04-08 10:04:21,283 [Worker-61: Launching GestionaQuery80] INFO  o.a.m.s.f.DefaultMavenResourcesFiltering - Copying 0 resource from src\test\resources to target\test-classes
